
          -------------------------------------------------------
          Amber 18 SANDER                              2018
          -------------------------------------------------------

| Run on 10/17/2019 at 16:05:16

|   Executable path: sander
| Working directory: /Users/sllabres/Work/github_repos/CP2K_tutorials_for_biological_simulations/GMX_DAA/section4/classical_equilibration
|          Hostname: Unknown
  [-O]verwriting output

File Assignments:
|  MDIN: heat_classical.in                                                     
| MDOUT: heat_classical.out                                                    
|INPCRD: system.min.r                                                          
|  PARM: system.prmtop                                                         
|RESTRT: system.md.r                                                           
|  REFC: refc                                                                  
| MDVEL: mdvel                                                                 
| MDFRC: mdfrc                                                                 
|  MDEN: mden                                                                  
| MDCRD: system.md.nc                                                          
|MDINFO: mdinfo                                                                
|  MTMD: mtmd                                                                  
|INPDIP: inpdip                                                                
|RSTDIP: rstdip                                                                
|INPTRA: inptraj                                                               


 Here is the input file:

Heat                                                                           
 &cntrl                                                                        
  imin=0,                                                                      
  ntx=1,                                                                       
  irest=0,                                                                     
  nstlim=100,                                                                  
  dt=0.002,                                                                    
  ntf=2,                                                                       
  ntc=2,                                                                       
  tempi=0.0,                                                                   
  temp0=300.0,                                                                 
  ntpr=100,                                                                    
  ntwx=100,                                                                    
  cut=8.0,                                                                     
  ntb=1,                                                                       
  ntp=0,                                                                       
  ntt=3,                                                                       
  gamma_ln=2.0,                                                                
  nmropt=1,                                                                    
  ig=-1,                                                                       
 /                                                                             
&wt type='TEMP0', istep1=0, istep2=9000, value1=0.0, value2=300.0 /            
&wt type='TEMP0', istep1=9001, istep2=10000, value1=300.0, value2=300.0 /      
&wt type='END' /                                                               

--------------------------------------------------------------------------------
   1.  RESOURCE   USE: 
--------------------------------------------------------------------------------

| Flags:                                                                        
 getting box info from netcdf restart file
| NetCDF restart box info found
|Largest sphere to fit in unit cell has radius =    46.453
| New format PARM file being parsed.
| Version =    1.000 Date = 10/17/19 Time = 15:43:27
 NATOM  =   92016 NTYPES =      25 NBONH =   88645 MBONA  =    3453
 NTHETH =    7450 MTHETA =    4706 NPHIH =   15421 MPHIA  =   14980
 NHPARM =       0 NPARM  =       0 NNB   =  150626 NRES   =   28895
 NBONA  =    3453 NTHETA =    4706 NPHIA =   14980 NUMBND =      80
 NUMANG =     179 NPTRA  =     215 NATYP =      45 NPHB   =       1
 IFBOX  =       1 NMXRS  =      38 IFCAP =       0 NEXTRA =       0
 NCOPY  =       0


|     Memory Use     Allocated
|     Real             6162580
|     Hollerith         304945
|     Integer          3565925
|     Max Pairs       30672000
|     nblistReal       1104192
|     nblist Int       4704051
|       Total           210079 kbytes

| Note: 1-4 EEL scale factors are being read from the topology file.

| Note: 1-4 VDW scale factors are being read from the topology file.
| Duplicated    0 dihedrals
| Duplicated    0 dihedrals

     BOX TYPE: RECTILINEAR
Note: ig = -1. Setting random seed to   911946 based on wallclock time in microseconds.

--------------------------------------------------------------------------------
   2.  CONTROL  DATA  FOR  THE  RUN
--------------------------------------------------------------------------------

default_name                                                                    

General flags:
     imin    =       0, nmropt  =       1

Nature and format of input:
     ntx     =       1, irest   =       0, ntrx    =       1

Nature and format of output:
     ntxo    =       2, ntpr    =     100, ntrx    =       1, ntwr    =     100
     iwrap   =       0, ntwx    =     100, ntwv    =       0, ntwe    =       0
     ioutfm  =       1, ntwprt  =       0, idecomp =       0, rbornstat=      0

Potential function:
     ntf     =       2, ntb     =       1, igb     =       0, nsnb    =      25
     ipol    =       0, gbsa    =       0, iesp    =       0
     dielc   =   1.00000, cut     =   8.00000, intdiel =   1.00000

Frozen or restrained atoms:
     ibelly  =       0, ntr     =       0

Molecular dynamics:
     nstlim  =       100, nscm    =      1000, nrespa  =         1
     t       =   0.00000, dt      =   0.00200, vlimit  =  20.00000

Langevin dynamics temperature regulation:
     ig      =  911946
     temp0   = 300.00000, tempi   =   0.00000, gamma_ln=   2.00000

SHAKE:
     ntc     =       2, jfastw  =       0
     tol     =   0.00001

NMR refinement options:
     iscale  =       0, noeskp  =       1, ipnlty  =       1, mxsub   =       1
     scalm   = 100.00000, pencut  =   0.10000, tausw   =   0.10000

Ewald parameters:
     verbose =       0, ew_type =       0, nbflag  =       1, use_pme =       1
     vdwmeth =       1, eedmeth =       1, netfrc  =       1
     Box X =  106.073   Box Y =  110.365   Box Z =   92.906
     Alpha =   90.000   Beta  =   90.000   Gamma =   90.000
     NFFT1 =  108       NFFT2 =  120       NFFT3 =   96
     Cutoff=    8.000   Tol   =0.100E-04
     Ewald Coefficient =  0.34864
     Interpolation order =    4
|  INFO: Old style inpcrd file read


--------------------------------------------------------------------------------
   3.  ATOMIC COORDINATES AND VELOCITIES
--------------------------------------------------------------------------------

default_name                                                                    
 begin time read from input coords =     0.000 ps



           Begin reading energy term weight changes/NMR restraints
 WEIGHT CHANGES:
 TEMP0         0   9000    0.000000  300.000000      0      0
 TEMP0      9001  10000  300.000000  300.000000      0      0

 RESTRAINTS:
                          ** No restraint defined **

                  Done reading weight changes/NMR restraints


 Number of triangulated 3-point waters found:    28454

     Sum of charges from parm topology file =  -0.00200026
     Forcing neutrality...

--------------------------------------------------------------------------------
   4.  RESULTS
--------------------------------------------------------------------------------

|  # of SOLUTE  degrees of freedom (RNDFP):  187403.
|  # of SOLVENT degrees of freedom (RNDFS):       0.
|  NDFMIN =  187403.     NUM_NOSHAKE =      0     CORRECTED RNDFP =  187403.
|  TOTAL # of degrees of freedom (RNDF) =  187403.
 ---------------------------------------------------
 APPROXIMATING switch and d/dx switch using CUBIC SPLINE INTERPOLATION
 using   5000.0 points per unit in tabled values
 TESTING RELATIVE ERROR over r ranging from 0.0 to cutoff
| CHECK switch(x): max rel err =   0.2738E-14   at   2.422500
| CHECK d/dx switch(x): max rel err =   0.8332E-11   at   2.782960
 ---------------------------------------------------
| Local SIZE OF NONBOND LIST =   16668635
| TOTAL SIZE OF NONBOND LIST =   16668635

 NSTEP =        0   TIME(PS) =       0.000  TEMP(K) =     0.00  PRESS =     0.0
 Etot   =   -266853.1860  EKtot   =         0.0000  EPtot      =   -266853.1860
 BOND   =       135.8872  ANGLE   =       930.8774  DIHED      =      5298.6905
 1-4 NB =      1811.7419  1-4 EEL =     20022.7679  VDWAALS    =     15765.2207
 EELEC  =   -310818.3716  EHBOND  =         0.0000  RESTRAINT  =         0.0000
 Ewald error estimate:   0.3389E-03
 ------------------------------------------------------------------------------

 NMR restraints: Bond =    0.000   Angle =     0.000   Torsion =     0.000
===============================================================================

 NSTEP =      100   TIME(PS) =       0.200  TEMP(K) =   132.22  PRESS =     0.0
 Etot   =   -284588.3455  EKtot   =     24620.2902  EPtot      =   -309208.6357
 BOND   =       275.1023  ANGLE   =      1213.3336  DIHED      =      5270.6924
 1-4 NB =      1378.2920  1-4 EEL =     19483.8319  VDWAALS    =     42128.2042
 EELEC  =   -378958.0921  EHBOND  =         0.0000  RESTRAINT  =         0.0000
 Ewald error estimate:   0.9077E-04
 ------------------------------------------------------------------------------

 NMR restraints: Bond =    0.000   Angle =     0.000   Torsion =     0.000
===============================================================================

      A V E R A G E S   O V E R     100 S T E P S


 NSTEP =      100   TIME(PS) =       0.200  TEMP(K) =   120.93  PRESS =     0.0
 Etot   =   -274814.6606  EKtot   =     22517.5737  EPtot      =   -297332.2343
 BOND   =       260.0315  ANGLE   =      1169.9980  DIHED      =      5342.3569
 1-4 NB =      1437.2733  1-4 EEL =     19586.8052  VDWAALS    =     32433.1105
 EELEC  =   -357561.8097  EHBOND  =         0.0000  RESTRAINT  =         0.0000
 Ewald error estimate:   0.1478E-03
 ------------------------------------------------------------------------------

 NMR restraints: Bond =    0.000   Angle =     0.000   Torsion =     0.000
===============================================================================

      R M S  F L U C T U A T I O N S


 NSTEP =      100   TIME(PS) =       0.200  TEMP(K) =    31.05  PRESS =     0.0
 Etot   =      5510.1062  EKtot   =      5781.6806  EPtot      =     10424.0990
 BOND   =        55.3970  ANGLE   =        93.6931  DIHED      =        47.0166
 1-4 NB =       133.5960  1-4 EEL =       169.3228  VDWAALS    =      9496.7584
 EELEC  =     19517.6456  EHBOND  =         0.0000  RESTRAINT  =         0.0000
 Ewald error estimate:   0.1195E-03
 ------------------------------------------------------------------------------


 NMR restraints on final step:


--------------------------------------------------------------------------------
   5.  TIMINGS
--------------------------------------------------------------------------------

|    Read coords time           0.01 ( 0.02% of Total)
|                Build the list             8.23 (99.50% of List )
|                Other                      0.04 ( 0.50% of List )
|             List time                  8.27 (15.05% of Nonbo)
|                   Short_ene time            35.72 (98.91% of Direc)
|                   Other                      0.39 ( 1.09% of Direc)
|                Direct Ewald time         36.11 (77.32% of Ewald)
|                Adjust Ewald time          0.46 ( 0.99% of Ewald)
|                   Fill Bspline coeffs        0.37 ( 3.73% of Recip)
|                   Fill charge grid           1.32 (13.12% of Recip)
|                   Scalar sum                 1.63 (16.22% of Recip)
|                   Grad sum                   2.43 (24.24% of Recip)
|                   FFT time                   4.28 (42.69% of Recip)
|                Recip Ewald time          10.03 (21.48% of Ewald)
|                Force Adjust               0.01 ( 0.03% of Ewald)
|                Virial junk                0.03 ( 0.06% of Ewald)
|                Other                      0.05 ( 0.11% of Ewald)
|             Ewald time                46.70 (84.95% of Nonbo)
|          Nonbond force             54.97 (99.18% of Force)
|          Bond/Angle/Dihedral        0.44 ( 0.80% of Force)
|          Other                      0.01 ( 0.02% of Force)
|       Force time                55.43 (96.67% of Runmd)
|       Shake time                 0.36 ( 0.62% of Runmd)
|       Verlet update time         1.53 ( 2.67% of Runmd)
|       Other                      0.02 ( 0.04% of Runmd)
|    Runmd Time                57.34 (98.82% of Total)
|    Other                      0.67 ( 1.15% of Total)
| Total time                58.02 (100.0% of ALL  )

| Number of list builds   :         15

| Highest rstack allocated:    5100550
| Highest istack allocated:      92016

| Final Performance Info:
| -----------------------------------------------------
| Average timings for all steps:
|     Elapsed(s) =      57.34 Per Step(ms) =     573.38
|         ns/day =       0.30   seconds/ns =  286690.48
| -----------------------------------------------------

|           Job began  at 16:05:16.259  on 10/17/2019
|           Setup done at 16:05:16.942  on 10/17/2019
|           Run   done at 16:06:14.280  on 10/17/2019
|     wallclock() was called    4482 times

|3D-RISM memory allocation summary
|Type          Maximum        Current   
|Integer       0.00000 GB     0.00000 GB
|Real          0.00000 GB     0.00000 GB
|Logical       0.00000 GB     0.00000 GB
|Character     0.00000 GB     0.00000 GB
|---------------------------------------
|Total         0.00000 GB     0.00000 GB
